CRITICAL - 2023-08-20 01:17:39 --> Division by zero
#0 /Users/hizrian/Documents/artikel/REST-Api/app/Controllers/Artikel.php(49): CodeIgniter\Debug\Exceptions->errorHandler(2, 'Division by zer...', '/Users/hizrian/...', 49, Array)
#1 /Users/hizrian/Documents/artikel/REST-Api/vendor/codeigniter4/framework/system/CodeIgniter.php(802): App\Controllers\Artikel->index()
#2 /Users/hizrian/Documents/artikel/REST-Api/vendor/codeigniter4/framework/system/CodeIgniter.php(399): CodeIgniter\CodeIgniter->runController(Object(App\Controllers\Artikel))
#3 /Users/hizrian/Documents/artikel/REST-Api/vendor/codeigniter4/framework/system/CodeIgniter.php(317): CodeIgniter\CodeIgniter->handleRequest(NULL, Object(Config\Cache), false)
#4 /Users/hizrian/Documents/artikel/REST-Api/public/index.php(37): CodeIgniter\CodeIgniter->run()
#5 /Users/hizrian/Documents/artikel/REST-Api/vendor/codeigniter4/framework/system/Commands/Server/rewrite.php(43): require_once('/Users/hizrian/...')
#6 {main}
CRITICAL - 2023-08-20 01:19:32 --> Declaration of App\Models\ArtikelModel::countAllResults($where = false) must be compatible with CodeIgniter\Model::countAllResults(bool $reset = true, bool $test = false)
#0 [internal function]: CodeIgniter\Debug\Exceptions->shutdownHandler()
#1 {main}
CRITICAL - 2023-08-20 01:19:32 --> Declaration of App\Models\ArtikelModel::countAllResults($where = false) must be compatible with CodeIgniter\Model::countAllResults(bool $reset = true, bool $test = false)
#0 [internal function]: CodeIgniter\Debug\Exceptions->shutdownHandler()
#1 {main}
CRITICAL - 2023-08-20 01:20:08 --> Division by zero
#0 /Users/hizrian/Documents/artikel/REST-Api/app/Controllers/Artikel.php(49): CodeIgniter\Debug\Exceptions->errorHandler(2, 'Division by zer...', '/Users/hizrian/...', 49, Array)
#1 /Users/hizrian/Documents/artikel/REST-Api/vendor/codeigniter4/framework/system/CodeIgniter.php(802): App\Controllers\Artikel->index()
#2 /Users/hizrian/Documents/artikel/REST-Api/vendor/codeigniter4/framework/system/CodeIgniter.php(399): CodeIgniter\CodeIgniter->runController(Object(App\Controllers\Artikel))
#3 /Users/hizrian/Documents/artikel/REST-Api/vendor/codeigniter4/framework/system/CodeIgniter.php(317): CodeIgniter\CodeIgniter->handleRequest(NULL, Object(Config\Cache), false)
#4 /Users/hizrian/Documents/artikel/REST-Api/public/index.php(37): CodeIgniter\CodeIgniter->run()
#5 /Users/hizrian/Documents/artikel/REST-Api/vendor/codeigniter4/framework/system/Commands/Server/rewrite.php(43): require_once('/Users/hizrian/...')
#6 {main}
CRITICAL - 2023-08-20 01:21:04 --> Division by zero
#0 /Users/hizrian/Documents/artikel/REST-Api/app/Controllers/Artikel.php(49): CodeIgniter\Debug\Exceptions->errorHandler(2, 'Division by zer...', '/Users/hizrian/...', 49, Array)
#1 /Users/hizrian/Documents/artikel/REST-Api/vendor/codeigniter4/framework/system/CodeIgniter.php(802): App\Controllers\Artikel->index()
#2 /Users/hizrian/Documents/artikel/REST-Api/vendor/codeigniter4/framework/system/CodeIgniter.php(399): CodeIgniter\CodeIgniter->runController(Object(App\Controllers\Artikel))
#3 /Users/hizrian/Documents/artikel/REST-Api/vendor/codeigniter4/framework/system/CodeIgniter.php(317): CodeIgniter\CodeIgniter->handleRequest(NULL, Object(Config\Cache), false)
#4 /Users/hizrian/Documents/artikel/REST-Api/public/index.php(37): CodeIgniter\CodeIgniter->run()
#5 /Users/hizrian/Documents/artikel/REST-Api/vendor/codeigniter4/framework/system/Commands/Server/rewrite.php(43): require_once('/Users/hizrian/...')
#6 {main}
CRITICAL - 2023-08-20 01:27:51 --> Argument 1 passed to CodeIgniter\Database\BaseBuilder::limit() must be of the type int or null, string given, called in /Users/hizrian/Documents/artikel/REST-Api/vendor/codeigniter4/framework/system/Model.php on line 720
#0 /Users/hizrian/Documents/artikel/REST-Api/vendor/codeigniter4/framework/system/Model.php(720): CodeIgniter\Database\BaseBuilder->limit('NaN')
#1 /Users/hizrian/Documents/artikel/REST-Api/app/Controllers/Artikel.php(32): CodeIgniter\Model->__call('limit', Array)
#2 /Users/hizrian/Documents/artikel/REST-Api/vendor/codeigniter4/framework/system/CodeIgniter.php(802): App\Controllers\Artikel->index()
#3 /Users/hizrian/Documents/artikel/REST-Api/vendor/codeigniter4/framework/system/CodeIgniter.php(399): CodeIgniter\CodeIgniter->runController(Object(App\Controllers\Artikel))
#4 /Users/hizrian/Documents/artikel/REST-Api/vendor/codeigniter4/framework/system/CodeIgniter.php(317): CodeIgniter\CodeIgniter->handleRequest(NULL, Object(Config\Cache), false)
#5 /Users/hizrian/Documents/artikel/REST-Api/public/index.php(37): CodeIgniter\CodeIgniter->run()
#6 /Users/hizrian/Documents/artikel/REST-Api/vendor/codeigniter4/framework/system/Commands/Server/rewrite.php(43): require_once('/Users/hizrian/...')
#7 {main}
CRITICAL - 2023-08-20 01:28:50 --> Argument 1 passed to CodeIgniter\Database\BaseBuilder::limit() must be of the type int or null, string given, called in /Users/hizrian/Documents/artikel/REST-Api/vendor/codeigniter4/framework/system/Model.php on line 720
#0 /Users/hizrian/Documents/artikel/REST-Api/vendor/codeigniter4/framework/system/Model.php(720): CodeIgniter\Database\BaseBuilder->limit('NaN')
#1 /Users/hizrian/Documents/artikel/REST-Api/app/Controllers/Artikel.php(32): CodeIgniter\Model->__call('limit', Array)
#2 /Users/hizrian/Documents/artikel/REST-Api/vendor/codeigniter4/framework/system/CodeIgniter.php(802): App\Controllers\Artikel->index()
#3 /Users/hizrian/Documents/artikel/REST-Api/vendor/codeigniter4/framework/system/CodeIgniter.php(399): CodeIgniter\CodeIgniter->runController(Object(App\Controllers\Artikel))
#4 /Users/hizrian/Documents/artikel/REST-Api/vendor/codeigniter4/framework/system/CodeIgniter.php(317): CodeIgniter\CodeIgniter->handleRequest(NULL, Object(Config\Cache), false)
#5 /Users/hizrian/Documents/artikel/REST-Api/public/index.php(37): CodeIgniter\CodeIgniter->run()
#6 /Users/hizrian/Documents/artikel/REST-Api/vendor/codeigniter4/framework/system/Commands/Server/rewrite.php(43): require_once('/Users/hizrian/...')
#7 {main}
ERROR - 2023-08-20 01:51:16 --> You have an error in your SQL syntax; check the manual that corresponds to your MariaDB server version for the right syntax to use near '-10, 10' at line 5
CRITICAL - 2023-08-20 01:51:16 --> You have an error in your SQL syntax; check the manual that corresponds to your MariaDB server version for the right syntax to use near '-10, 10' at line 5
#0 /Users/hizrian/Documents/artikel/REST-Api/vendor/codeigniter4/framework/system/Database/MySQLi/Connection.php(280): mysqli->query('SELECT `artikel...')
#1 /Users/hizrian/Documents/artikel/REST-Api/vendor/codeigniter4/framework/system/Database/BaseConnection.php(663): CodeIgniter\Database\MySQLi\Connection->execute('SELECT `artikel...')
#2 /Users/hizrian/Documents/artikel/REST-Api/vendor/codeigniter4/framework/system/Database/BaseConnection.php(591): CodeIgniter\Database\BaseConnection->simpleQuery('SELECT `artikel...')
#3 /Users/hizrian/Documents/artikel/REST-Api/vendor/codeigniter4/framework/system/Database/BaseBuilder.php(1428): CodeIgniter\Database\BaseConnection->query('SELECT `artikel...', Array, false)
#4 /Users/hizrian/Documents/artikel/REST-Api/vendor/codeigniter4/framework/system/Model.php(720): CodeIgniter\Database\BaseBuilder->get()
#5 /Users/hizrian/Documents/artikel/REST-Api/app/Controllers/Artikel.php(51): CodeIgniter\Model->__call('get', Array)
#6 /Users/hizrian/Documents/artikel/REST-Api/vendor/codeigniter4/framework/system/CodeIgniter.php(802): App\Controllers\Artikel->index()
#7 /Users/hizrian/Documents/artikel/REST-Api/vendor/codeigniter4/framework/system/CodeIgniter.php(399): CodeIgniter\CodeIgniter->runController(Object(App\Controllers\Artikel))
#8 /Users/hizrian/Documents/artikel/REST-Api/vendor/codeigniter4/framework/system/CodeIgniter.php(317): CodeIgniter\CodeIgniter->handleRequest(NULL, Object(Config\Cache), false)
#9 /Users/hizrian/Documents/artikel/REST-Api/public/index.php(37): CodeIgniter\CodeIgniter->run()
#10 /Users/hizrian/Documents/artikel/REST-Api/vendor/codeigniter4/framework/system/Commands/Server/rewrite.php(43): require_once('/Users/hizrian/...')
#11 {main}
ERROR - 2023-08-20 01:51:28 --> You have an error in your SQL syntax; check the manual that corresponds to your MariaDB server version for the right syntax to use near '-2, 2' at line 5
CRITICAL - 2023-08-20 01:51:28 --> You have an error in your SQL syntax; check the manual that corresponds to your MariaDB server version for the right syntax to use near '-2, 2' at line 5
#0 /Users/hizrian/Documents/artikel/REST-Api/vendor/codeigniter4/framework/system/Database/MySQLi/Connection.php(280): mysqli->query('SELECT `artikel...')
#1 /Users/hizrian/Documents/artikel/REST-Api/vendor/codeigniter4/framework/system/Database/BaseConnection.php(663): CodeIgniter\Database\MySQLi\Connection->execute('SELECT `artikel...')
#2 /Users/hizrian/Documents/artikel/REST-Api/vendor/codeigniter4/framework/system/Database/BaseConnection.php(591): CodeIgniter\Database\BaseConnection->simpleQuery('SELECT `artikel...')
#3 /Users/hizrian/Documents/artikel/REST-Api/vendor/codeigniter4/framework/system/Database/BaseBuilder.php(1428): CodeIgniter\Database\BaseConnection->query('SELECT `artikel...', Array, false)
#4 /Users/hizrian/Documents/artikel/REST-Api/vendor/codeigniter4/framework/system/Model.php(720): CodeIgniter\Database\BaseBuilder->get()
#5 /Users/hizrian/Documents/artikel/REST-Api/app/Controllers/Artikel.php(51): CodeIgniter\Model->__call('get', Array)
#6 /Users/hizrian/Documents/artikel/REST-Api/vendor/codeigniter4/framework/system/CodeIgniter.php(802): App\Controllers\Artikel->index()
#7 /Users/hizrian/Documents/artikel/REST-Api/vendor/codeigniter4/framework/system/CodeIgniter.php(399): CodeIgniter\CodeIgniter->runController(Object(App\Controllers\Artikel))
#8 /Users/hizrian/Documents/artikel/REST-Api/vendor/codeigniter4/framework/system/CodeIgniter.php(317): CodeIgniter\CodeIgniter->handleRequest(NULL, Object(Config\Cache), false)
#9 /Users/hizrian/Documents/artikel/REST-Api/public/index.php(37): CodeIgniter\CodeIgniter->run()
#10 /Users/hizrian/Documents/artikel/REST-Api/vendor/codeigniter4/framework/system/Commands/Server/rewrite.php(43): require_once('/Users/hizrian/...')
#11 {main}
