CRITICAL - 2023-08-17 17:59:33 --> Undefined property: App\Controllers\Artikel::$load
#0 /Users/hizrian/Documents/artikel/REST-Api/app/Controllers/Artikel.php(86): CodeIgniter\Debug\Exceptions->errorHandler(8, 'Undefined prope...', '/Users/hizrian/...', 86, Array)
#1 /Users/hizrian/Documents/artikel/REST-Api/vendor/codeigniter4/framework/system/CodeIgniter.php(802): App\Controllers\Artikel->store()
#2 /Users/hizrian/Documents/artikel/REST-Api/vendor/codeigniter4/framework/system/CodeIgniter.php(399): CodeIgniter\CodeIgniter->runController(Object(App\Controllers\Artikel))
#3 /Users/hizrian/Documents/artikel/REST-Api/vendor/codeigniter4/framework/system/CodeIgniter.php(317): CodeIgniter\CodeIgniter->handleRequest(NULL, Object(Config\Cache), false)
#4 /Users/hizrian/Documents/artikel/REST-Api/public/index.php(37): CodeIgniter\CodeIgniter->run()
#5 /Users/hizrian/Documents/artikel/REST-Api/vendor/codeigniter4/framework/system/Commands/Server/rewrite.php(43): require_once('/Users/hizrian/...')
#6 {main}
CRITICAL - 2023-08-17 17:59:57 --> Call to undefined method App\Models\ArtikelModel::insertID
#0 /Users/hizrian/Documents/artikel/REST-Api/app/Controllers/Artikel.php(97): CodeIgniter\Model->__call('insertID', Array)
#1 /Users/hizrian/Documents/artikel/REST-Api/vendor/codeigniter4/framework/system/CodeIgniter.php(802): App\Controllers\Artikel->store()
#2 /Users/hizrian/Documents/artikel/REST-Api/vendor/codeigniter4/framework/system/CodeIgniter.php(399): CodeIgniter\CodeIgniter->runController(Object(App\Controllers\Artikel))
#3 /Users/hizrian/Documents/artikel/REST-Api/vendor/codeigniter4/framework/system/CodeIgniter.php(317): CodeIgniter\CodeIgniter->handleRequest(NULL, Object(Config\Cache), false)
#4 /Users/hizrian/Documents/artikel/REST-Api/public/index.php(37): CodeIgniter\CodeIgniter->run()
#5 /Users/hizrian/Documents/artikel/REST-Api/vendor/codeigniter4/framework/system/Commands/Server/rewrite.php(43): require_once('/Users/hizrian/...')
#6 {main}
ERROR - 2023-08-17 18:06:10 --> Cannot add or update a child row: a foreign key constraint fails (`db_artikel`.`artikel`, CONSTRAINT `artikel_FK` FOREIGN KEY (`penulis`) REFERENCES `user` (`id`))
CRITICAL - 2023-08-17 18:06:10 --> Cannot add or update a child row: a foreign key constraint fails (`db_artikel`.`artikel`, CONSTRAINT `artikel_FK` FOREIGN KEY (`penulis`) REFERENCES `user` (`id`))
#0 /Users/hizrian/Documents/artikel/REST-Api/vendor/codeigniter4/framework/system/Database/MySQLi/Connection.php(280): mysqli->query('INSERT INTO `ar...')
#1 /Users/hizrian/Documents/artikel/REST-Api/vendor/codeigniter4/framework/system/Database/BaseConnection.php(663): CodeIgniter\Database\MySQLi\Connection->execute('INSERT INTO `ar...')
#2 /Users/hizrian/Documents/artikel/REST-Api/vendor/codeigniter4/framework/system/Database/BaseConnection.php(591): CodeIgniter\Database\BaseConnection->simpleQuery('INSERT INTO `ar...')
#3 /Users/hizrian/Documents/artikel/REST-Api/vendor/codeigniter4/framework/system/Database/BaseBuilder.php(1733): CodeIgniter\Database\BaseConnection->query('INSERT INTO `ar...', Array, false)
#4 /Users/hizrian/Documents/artikel/REST-Api/vendor/codeigniter4/framework/system/Model.php(239): CodeIgniter\Database\BaseBuilder->insert()
#5 /Users/hizrian/Documents/artikel/REST-Api/vendor/codeigniter4/framework/system/BaseModel.php(738): CodeIgniter\Model->doInsert(Array)
#6 /Users/hizrian/Documents/artikel/REST-Api/vendor/codeigniter4/framework/system/Model.php(620): CodeIgniter\BaseModel->insert(Array, false)
#7 /Users/hizrian/Documents/artikel/REST-Api/vendor/codeigniter4/framework/system/BaseModel.php(658): CodeIgniter\Model->insert(Array, false)
#8 /Users/hizrian/Documents/artikel/REST-Api/app/Controllers/Artikel.php(92): CodeIgniter\BaseModel->save(Array)
#9 /Users/hizrian/Documents/artikel/REST-Api/vendor/codeigniter4/framework/system/CodeIgniter.php(802): App\Controllers\Artikel->store()
#10 /Users/hizrian/Documents/artikel/REST-Api/vendor/codeigniter4/framework/system/CodeIgniter.php(399): CodeIgniter\CodeIgniter->runController(Object(App\Controllers\Artikel))
#11 /Users/hizrian/Documents/artikel/REST-Api/vendor/codeigniter4/framework/system/CodeIgniter.php(317): CodeIgniter\CodeIgniter->handleRequest(NULL, Object(Config\Cache), false)
#12 /Users/hizrian/Documents/artikel/REST-Api/public/index.php(37): CodeIgniter\CodeIgniter->run()
#13 /Users/hizrian/Documents/artikel/REST-Api/vendor/codeigniter4/framework/system/Commands/Server/rewrite.php(43): require_once('/Users/hizrian/...')
#14 {main}
ERROR - 2023-08-17 18:09:10 --> Cannot add or update a child row: a foreign key constraint fails (`db_artikel`.`artikel`, CONSTRAINT `artikel_FK` FOREIGN KEY (`penulis`) REFERENCES `user` (`id`))
CRITICAL - 2023-08-17 18:09:10 --> Cannot add or update a child row: a foreign key constraint fails (`db_artikel`.`artikel`, CONSTRAINT `artikel_FK` FOREIGN KEY (`penulis`) REFERENCES `user` (`id`))
#0 /Users/hizrian/Documents/artikel/REST-Api/vendor/codeigniter4/framework/system/Database/MySQLi/Connection.php(280): mysqli->query('INSERT INTO `ar...')
#1 /Users/hizrian/Documents/artikel/REST-Api/vendor/codeigniter4/framework/system/Database/BaseConnection.php(663): CodeIgniter\Database\MySQLi\Connection->execute('INSERT INTO `ar...')
#2 /Users/hizrian/Documents/artikel/REST-Api/vendor/codeigniter4/framework/system/Database/BaseConnection.php(591): CodeIgniter\Database\BaseConnection->simpleQuery('INSERT INTO `ar...')
#3 /Users/hizrian/Documents/artikel/REST-Api/vendor/codeigniter4/framework/system/Database/BaseBuilder.php(1733): CodeIgniter\Database\BaseConnection->query('INSERT INTO `ar...', Array, false)
#4 /Users/hizrian/Documents/artikel/REST-Api/vendor/codeigniter4/framework/system/Model.php(239): CodeIgniter\Database\BaseBuilder->insert()
#5 /Users/hizrian/Documents/artikel/REST-Api/vendor/codeigniter4/framework/system/BaseModel.php(738): CodeIgniter\Model->doInsert(Array)
#6 /Users/hizrian/Documents/artikel/REST-Api/vendor/codeigniter4/framework/system/Model.php(620): CodeIgniter\BaseModel->insert(Array, false)
#7 /Users/hizrian/Documents/artikel/REST-Api/vendor/codeigniter4/framework/system/BaseModel.php(658): CodeIgniter\Model->insert(Array, false)
#8 /Users/hizrian/Documents/artikel/REST-Api/app/Controllers/Artikel.php(92): CodeIgniter\BaseModel->save(Array)
#9 /Users/hizrian/Documents/artikel/REST-Api/vendor/codeigniter4/framework/system/CodeIgniter.php(802): App\Controllers\Artikel->store()
#10 /Users/hizrian/Documents/artikel/REST-Api/vendor/codeigniter4/framework/system/CodeIgniter.php(399): CodeIgniter\CodeIgniter->runController(Object(App\Controllers\Artikel))
#11 /Users/hizrian/Documents/artikel/REST-Api/vendor/codeigniter4/framework/system/CodeIgniter.php(317): CodeIgniter\CodeIgniter->handleRequest(NULL, Object(Config\Cache), false)
#12 /Users/hizrian/Documents/artikel/REST-Api/public/index.php(37): CodeIgniter\CodeIgniter->run()
#13 /Users/hizrian/Documents/artikel/REST-Api/vendor/codeigniter4/framework/system/Commands/Server/rewrite.php(43): require_once('/Users/hizrian/...')
#14 {main}
