CRITICAL - 2023-08-21 09:27:13 --> strip_tags() expects parameter 1 to be string, array given
#0 [internal function]: CodeIgniter\Debug\Exceptions->errorHandler(2, 'strip_tags() ex...', '/Users/hizrian/...', 61, Array)
#1 /Users/hizrian/Documents/artikel/REST-Api/app/Controllers/Artikel.php(61): strip_tags(Array)
#2 /Users/hizrian/Documents/artikel/REST-Api/vendor/codeigniter4/framework/system/CodeIgniter.php(802): App\Controllers\Artikel->index()
#3 /Users/hizrian/Documents/artikel/REST-Api/vendor/codeigniter4/framework/system/CodeIgniter.php(399): CodeIgniter\CodeIgniter->runController(Object(App\Controllers\Artikel))
#4 /Users/hizrian/Documents/artikel/REST-Api/vendor/codeigniter4/framework/system/CodeIgniter.php(317): CodeIgniter\CodeIgniter->handleRequest(NULL, Object(Config\Cache), false)
#5 /Users/hizrian/Documents/artikel/REST-Api/public/index.php(37): CodeIgniter\CodeIgniter->run()
#6 /Users/hizrian/Documents/artikel/REST-Api/vendor/codeigniter4/framework/system/Commands/Server/rewrite.php(43): require_once('/Users/hizrian/...')
#7 {main}
CRITICAL - 2023-08-21 09:27:18 --> strip_tags() expects parameter 1 to be string, array given
#0 [internal function]: CodeIgniter\Debug\Exceptions->errorHandler(2, 'strip_tags() ex...', '/Users/hizrian/...', 61, Array)
#1 /Users/hizrian/Documents/artikel/REST-Api/app/Controllers/Artikel.php(61): strip_tags(Array)
#2 /Users/hizrian/Documents/artikel/REST-Api/vendor/codeigniter4/framework/system/CodeIgniter.php(802): App\Controllers\Artikel->index()
#3 /Users/hizrian/Documents/artikel/REST-Api/vendor/codeigniter4/framework/system/CodeIgniter.php(399): CodeIgniter\CodeIgniter->runController(Object(App\Controllers\Artikel))
#4 /Users/hizrian/Documents/artikel/REST-Api/vendor/codeigniter4/framework/system/CodeIgniter.php(317): CodeIgniter\CodeIgniter->handleRequest(NULL, Object(Config\Cache), false)
#5 /Users/hizrian/Documents/artikel/REST-Api/public/index.php(37): CodeIgniter\CodeIgniter->run()
#6 /Users/hizrian/Documents/artikel/REST-Api/vendor/codeigniter4/framework/system/Commands/Server/rewrite.php(43): require_once('/Users/hizrian/...')
#7 {main}
CRITICAL - 2023-08-21 09:27:30 --> strip_tags() expects parameter 1 to be string, array given
#0 [internal function]: CodeIgniter\Debug\Exceptions->errorHandler(2, 'strip_tags() ex...', '/Users/hizrian/...', 61, Array)
#1 /Users/hizrian/Documents/artikel/REST-Api/app/Controllers/Artikel.php(61): strip_tags(Array)
#2 /Users/hizrian/Documents/artikel/REST-Api/vendor/codeigniter4/framework/system/CodeIgniter.php(802): App\Controllers\Artikel->index()
#3 /Users/hizrian/Documents/artikel/REST-Api/vendor/codeigniter4/framework/system/CodeIgniter.php(399): CodeIgniter\CodeIgniter->runController(Object(App\Controllers\Artikel))
#4 /Users/hizrian/Documents/artikel/REST-Api/vendor/codeigniter4/framework/system/CodeIgniter.php(317): CodeIgniter\CodeIgniter->handleRequest(NULL, Object(Config\Cache), false)
#5 /Users/hizrian/Documents/artikel/REST-Api/public/index.php(37): CodeIgniter\CodeIgniter->run()
#6 /Users/hizrian/Documents/artikel/REST-Api/vendor/codeigniter4/framework/system/Commands/Server/rewrite.php(43): require_once('/Users/hizrian/...')
#7 {main}
CRITICAL - 2023-08-21 09:28:08 --> Trying to get property 'konten' of non-object
#0 /Users/hizrian/Documents/artikel/REST-Api/app/Controllers/Artikel.php(61): CodeIgniter\Debug\Exceptions->errorHandler(8, 'Trying to get p...', '/Users/hizrian/...', 61, Array)
#1 /Users/hizrian/Documents/artikel/REST-Api/vendor/codeigniter4/framework/system/CodeIgniter.php(802): App\Controllers\Artikel->index()
#2 /Users/hizrian/Documents/artikel/REST-Api/vendor/codeigniter4/framework/system/CodeIgniter.php(399): CodeIgniter\CodeIgniter->runController(Object(App\Controllers\Artikel))
#3 /Users/hizrian/Documents/artikel/REST-Api/vendor/codeigniter4/framework/system/CodeIgniter.php(317): CodeIgniter\CodeIgniter->handleRequest(NULL, Object(Config\Cache), false)
#4 /Users/hizrian/Documents/artikel/REST-Api/public/index.php(37): CodeIgniter\CodeIgniter->run()
#5 /Users/hizrian/Documents/artikel/REST-Api/vendor/codeigniter4/framework/system/Commands/Server/rewrite.php(43): require_once('/Users/hizrian/...')
#6 {main}
CRITICAL - 2023-08-21 09:28:55 --> Undefined index: konten
#0 /Users/hizrian/Documents/artikel/REST-Api/app/Controllers/Artikel.php(61): CodeIgniter\Debug\Exceptions->errorHandler(8, 'Undefined index...', '/Users/hizrian/...', 61, Array)
#1 /Users/hizrian/Documents/artikel/REST-Api/vendor/codeigniter4/framework/system/CodeIgniter.php(802): App\Controllers\Artikel->index()
#2 /Users/hizrian/Documents/artikel/REST-Api/vendor/codeigniter4/framework/system/CodeIgniter.php(399): CodeIgniter\CodeIgniter->runController(Object(App\Controllers\Artikel))
#3 /Users/hizrian/Documents/artikel/REST-Api/vendor/codeigniter4/framework/system/CodeIgniter.php(317): CodeIgniter\CodeIgniter->handleRequest(NULL, Object(Config\Cache), false)
#4 /Users/hizrian/Documents/artikel/REST-Api/public/index.php(37): CodeIgniter\CodeIgniter->run()
#5 /Users/hizrian/Documents/artikel/REST-Api/vendor/codeigniter4/framework/system/Commands/Server/rewrite.php(43): require_once('/Users/hizrian/...')
#6 {main}
CRITICAL - 2023-08-21 09:32:49 --> Trying to get property 'konten' of non-object
#0 /Users/hizrian/Documents/artikel/REST-Api/app/Controllers/Artikel.php(65): CodeIgniter\Debug\Exceptions->errorHandler(8, 'Trying to get p...', '/Users/hizrian/...', 65, Array)
#1 /Users/hizrian/Documents/artikel/REST-Api/vendor/codeigniter4/framework/system/CodeIgniter.php(802): App\Controllers\Artikel->index()
#2 /Users/hizrian/Documents/artikel/REST-Api/vendor/codeigniter4/framework/system/CodeIgniter.php(399): CodeIgniter\CodeIgniter->runController(Object(App\Controllers\Artikel))
#3 /Users/hizrian/Documents/artikel/REST-Api/vendor/codeigniter4/framework/system/CodeIgniter.php(317): CodeIgniter\CodeIgniter->handleRequest(NULL, Object(Config\Cache), false)
#4 /Users/hizrian/Documents/artikel/REST-Api/public/index.php(37): CodeIgniter\CodeIgniter->run()
#5 /Users/hizrian/Documents/artikel/REST-Api/vendor/codeigniter4/framework/system/Commands/Server/rewrite.php(43): require_once('/Users/hizrian/...')
#6 {main}
CRITICAL - 2023-08-21 09:34:23 --> Trying to get property 'konten' of non-object
#0 /Users/hizrian/Documents/artikel/REST-Api/app/Controllers/Artikel.php(65): CodeIgniter\Debug\Exceptions->errorHandler(8, 'Trying to get p...', '/Users/hizrian/...', 65, Array)
#1 /Users/hizrian/Documents/artikel/REST-Api/vendor/codeigniter4/framework/system/CodeIgniter.php(802): App\Controllers\Artikel->index()
#2 /Users/hizrian/Documents/artikel/REST-Api/vendor/codeigniter4/framework/system/CodeIgniter.php(399): CodeIgniter\CodeIgniter->runController(Object(App\Controllers\Artikel))
#3 /Users/hizrian/Documents/artikel/REST-Api/vendor/codeigniter4/framework/system/CodeIgniter.php(317): CodeIgniter\CodeIgniter->handleRequest(NULL, Object(Config\Cache), false)
#4 /Users/hizrian/Documents/artikel/REST-Api/public/index.php(37): CodeIgniter\CodeIgniter->run()
#5 /Users/hizrian/Documents/artikel/REST-Api/vendor/codeigniter4/framework/system/Commands/Server/rewrite.php(43): require_once('/Users/hizrian/...')
#6 {main}
